[2021-05-16T22:52:06.155] [DEBUG] cheese - login => username:123,password:123dfsd
[2021-05-16T22:52:06.157] [DEBUG] cheese - 123
[2021-05-16T22:52:06.173] [DEBUG] cheese - null
[2021-05-16T22:52:06.173] [DEBUG] cheese - null
[2021-05-16T22:52:17.040] [DEBUG] cheese - login => username:123,password:1233rwerwe
[2021-05-16T22:52:17.040] [DEBUG] cheese - 123
[2021-05-16T22:52:17.043] [DEBUG] cheese - null
[2021-05-16T22:52:17.043] [DEBUG] cheese - null
[2021-05-16T22:52:45.666] [DEBUG] cheese - login => username:123,password:123asdasd
[2021-05-16T22:52:45.666] [DEBUG] cheese - 123
[2021-05-16T22:52:45.668] [DEBUG] cheese - null
[2021-05-16T22:52:45.668] [DEBUG] cheese - null
[2021-05-16T22:53:34.393] [DEBUG] cheese - login => username:123,password:123asdas
[2021-05-16T22:53:34.393] [DEBUG] cheese - 123
[2021-05-16T22:53:34.396] [DEBUG] cheese - null
[2021-05-16T22:53:34.396] [DEBUG] cheese - null
[2021-05-16T23:00:04.597] [DEBUG] cheese - login => username:123,password:123asdas
[2021-05-16T23:00:04.597] [DEBUG] cheese - 123
[2021-05-16T23:00:04.600] [DEBUG] cheese - null
[2021-05-16T23:00:04.601] [DEBUG] cheese - null
[2021-05-16T23:01:32.867] [DEBUG] cheese - login => username:123,password:123sdfsdfds
[2021-05-16T23:01:32.867] [DEBUG] cheese - 123
[2021-05-16T23:01:32.870] [DEBUG] cheese - null
[2021-05-16T23:01:32.870] [DEBUG] cheese - null
[2021-05-16T23:02:14.916] [DEBUG] cheese - login => username:123,password:123dfgdf
[2021-05-16T23:02:14.917] [DEBUG] cheese - 123
[2021-05-16T23:02:14.919] [DEBUG] cheese - null
[2021-05-16T23:02:14.919] [DEBUG] cheese - null
[2021-05-16T23:02:17.580] [DEBUG] cheese - login => username:123dsfdsz,password:123dfgdf
[2021-05-16T23:02:17.580] [DEBUG] cheese - 123dsfdsz
[2021-05-16T23:02:17.583] [DEBUG] cheese - null
[2021-05-16T23:02:17.583] [DEBUG] cheese - null
[2021-05-16T23:02:19.146] [DEBUG] cheese - login => username:123dsfdsz,password:123dfgdf
[2021-05-16T23:02:19.146] [DEBUG] cheese - 123dsfdsz
[2021-05-16T23:02:19.149] [DEBUG] cheese - null
[2021-05-16T23:02:19.149] [DEBUG] cheese - null
[2021-05-16T23:02:19.338] [DEBUG] cheese - login => username:123dsfdsz,password:123dfgdf
[2021-05-16T23:02:19.338] [DEBUG] cheese - 123dsfdsz
[2021-05-16T23:02:19.340] [DEBUG] cheese - null
[2021-05-16T23:02:19.340] [DEBUG] cheese - null
[2021-05-16T23:02:19.789] [DEBUG] cheese - login => username:123dsfdsz,password:123dfgdf
[2021-05-16T23:02:19.790] [DEBUG] cheese - 123dsfdsz
[2021-05-16T23:02:19.791] [DEBUG] cheese - null
[2021-05-16T23:02:19.792] [DEBUG] cheese - null
[2021-05-16T23:02:19.975] [DEBUG] cheese - login => username:123dsfdsz,password:123dfgdf
[2021-05-16T23:02:19.975] [DEBUG] cheese - 123dsfdsz
[2021-05-16T23:02:19.977] [DEBUG] cheese - null
[2021-05-16T23:02:19.977] [DEBUG] cheese - null
[2021-05-16T23:02:20.172] [DEBUG] cheese - login => username:123dsfdsz,password:123dfgdf
[2021-05-16T23:02:20.172] [DEBUG] cheese - 123dsfdsz
[2021-05-16T23:02:20.175] [DEBUG] cheese - null
[2021-05-16T23:02:20.175] [DEBUG] cheese - null
[2021-05-16T23:02:20.358] [DEBUG] cheese - login => username:123dsfdsz,password:123dfgdf
[2021-05-16T23:02:20.358] [DEBUG] cheese - 123dsfdsz
[2021-05-16T23:02:20.360] [DEBUG] cheese - null
[2021-05-16T23:02:20.360] [DEBUG] cheese - null
[2021-05-16T23:02:20.534] [DEBUG] cheese - login => username:123dsfdsz,password:123dfgdf
[2021-05-16T23:02:20.534] [DEBUG] cheese - 123dsfdsz
[2021-05-16T23:02:20.536] [DEBUG] cheese - null
[2021-05-16T23:02:20.536] [DEBUG] cheese - null
[2021-05-16T23:02:20.729] [DEBUG] cheese - login => username:123dsfdsz,password:123dfgdf
[2021-05-16T23:02:20.729] [DEBUG] cheese - 123dsfdsz
[2021-05-16T23:02:20.731] [DEBUG] cheese - null
[2021-05-16T23:02:20.731] [DEBUG] cheese - null
[2021-05-16T23:04:45.576] [DEBUG] cheese - login => username:admin,password:123456
[2021-05-16T23:04:45.576] [DEBUG] cheese - admin
[2021-05-16T23:04:45.581] [DEBUG] cheese - null
[2021-05-16T23:04:45.581] [DEBUG] cheese - null
[2021-05-16T23:12:23.074] [DEBUG] cheese - login => username:admin,password:123456
[2021-05-16T23:12:23.074] [DEBUG] cheese - admin
[2021-05-16T23:12:23.077] [DEBUG] cheese - null
[2021-05-16T23:12:23.077] [DEBUG] cheese - null
[2021-05-16T23:12:30.568] [DEBUG] cheese - login => username:admin,password:123456
[2021-05-16T23:12:30.568] [DEBUG] cheese - admin
[2021-05-16T23:12:30.570] [DEBUG] cheese - null
[2021-05-16T23:12:30.570] [DEBUG] cheese - null
[2021-05-16T23:12:44.209] [DEBUG] cheese - login => username:admin,password:123456
[2021-05-16T23:12:44.210] [DEBUG] cheese - admin
[2021-05-16T23:12:44.212] [DEBUG] cheese - null
[2021-05-16T23:12:44.212] [DEBUG] cheese - null
[2021-05-18T22:09:08.166] [DEBUG] cheese - login => username:admin,password:123456
[2021-05-18T22:09:08.167] [DEBUG] cheese - admin
[2021-05-18T22:09:08.180] [DEBUG] cheese - null
[2021-05-18T22:09:08.180] [DEBUG] cheese - null
[2021-05-18T22:13:27.114] [DEBUG] cheese - login => username:admin,password:123456
[2021-05-18T22:13:27.114] [DEBUG] cheese - admin
[2021-05-18T22:13:27.119] [DEBUG] cheese - null
[2021-05-18T22:13:27.119] [DEBUG] cheese - null
[2021-05-19T22:47:05.750] [DEBUG] cheese - login => username:admin,password:123456
[2021-05-19T22:47:05.751] [DEBUG] cheese - admin
[2021-05-19T22:47:05.758] [DEBUG] cheese - null
[2021-05-19T22:47:05.758] [DEBUG] cheese - null
[2021-05-23T16:12:55.014] [DEBUG] cheese - login => username:admin,password:123456
[2021-05-23T16:12:55.016] [DEBUG] cheese - admin
[2021-05-23T16:12:55.046] [DEBUG] cheese - null
[2021-05-23T16:12:55.047] [DEBUG] cheese - null
[2021-05-26T21:41:16.828] [DEBUG] cheese - login => username:admin,password:123456
[2021-05-26T21:41:16.829] [DEBUG] cheese - admin
[2021-05-26T21:41:16.859] [DEBUG] cheese - null
[2021-05-26T21:41:16.859] [DEBUG] cheese - null
[2021-05-27T21:20:52.313] [DEBUG] cheese - login => username:admin,password:123456
[2021-05-27T21:20:52.314] [DEBUG] cheese - admin
[2021-05-27T21:20:52.408] [DEBUG] cheese - null
[2021-05-27T21:20:52.408] [DEBUG] cheese - null
[2021-05-29T14:54:16.680] [DEBUG] cheese - login => username:admin,password:123456
[2021-05-29T14:54:16.680] [DEBUG] cheese - admin
[2021-05-29T14:54:16.684] [DEBUG] cheese - null
[2021-05-29T14:54:16.684] [DEBUG] cheese - null
[2021-05-29T17:21:36.041] [DEBUG] cheese - null
[2021-05-29T17:22:40.330] [DEBUG] cheese - null
[2021-05-29T17:23:03.216] [DEBUG] cheese - null
[2021-05-29T17:23:20.928] [DEBUG] cheese - null
[2021-05-29T17:23:53.727] [DEBUG] cheese - null
[2021-05-29T17:24:30.219] [DEBUG] cheese - null
[2021-05-29T17:24:58.846] [DEBUG] cheese - null
[2021-05-29T17:25:41.988] [DEBUG] cheese - null
[2021-05-29T17:27:07.570] [DEBUG] cheese - null
[2021-05-29T22:20:56.956] [DEBUG] cheese - null
[2021-05-29T22:21:01.037] [DEBUG] cheese - null
[2021-05-29T22:22:00.374] [DEBUG] cheese - null
[2021-05-29T22:22:01.966] [DEBUG] cheese - null
